<?xml version="1.0" encoding="UTF-8"?>
<!-- Generated by org.testng.reporters.JUnitReportReporter -->
<testsuite skipped="2" hostname="PC025" name="Material_GatePass.GatePass_OrderDispatch" tests="3" failures="0" timestamp="2020-08-05T15:32:06 BDT" time="4.166" errors="0">
  <testcase name="TC_AcknowledgeAllChallanOneByOne" time="4.166" classname="Material_GatePass.GatePass_OrderDispatch"/>
  <testcase name="TC_AcknowledgeGPDNOWise" classname="Material_GatePass.GatePass_OrderDispatch">
    <skipped/>
  </testcase> <!-- TC_AcknowledgeGPDNOWise -->
  <testcase name="TC_RejectChallanOneByOne" classname="Material_GatePass.GatePass_OrderDispatch">
    <skipped/>
  </testcase> <!-- TC_RejectChallanOneByOne -->
</testsuite> <!-- Material_GatePass.GatePass_OrderDispatch -->
