<?xml version="1.0" encoding="UTF-8"?>
<!-- Generated by org.testng.reporters.JUnitReportReporter -->
<testsuite skipped="2" hostname="PC025" name="gatePassManagement.GatePass_OrderDispatch" tests="5" failures="0" timestamp="2020-06-16T15:58:12 BDT" time="255.138" errors="0">
  <testcase name="TC_AcknowledgeAllChallanOneByOne" time="23.668" classname="gatePassManagement.GatePass_OrderDispatch"/>
  <testcase name="TC_AcknowledgeAllChallanOneByOne" time="77.058" classname="gatePassManagement.GatePass_OrderDispatch"/>
  <testcase name="TC_AcknowledgeAllChallanOneByOne" time="154.412" classname="gatePassManagement.GatePass_OrderDispatch"/>
  <testcase name="TC_RejectChallanOneByOne" classname="gatePassManagement.GatePass_OrderDispatch">
    <skipped/>
  </testcase> <!-- TC_RejectChallanOneByOne -->
  <testcase name="TC_AcknowledgeGPDNOWise" classname="gatePassManagement.GatePass_OrderDispatch">
    <skipped/>
  </testcase> <!-- TC_AcknowledgeGPDNOWise -->
</testsuite> <!-- gatePassManagement.GatePass_OrderDispatch -->
