<?xml version="1.0" encoding="UTF-8"?>
<!-- Generated by org.testng.reporters.JUnitReportReporter -->
<testsuite skipped="0" hostname="PC025" name="Packaging_Delivery.ChallahAcknowldgement" tests="1" failures="0" timestamp="2020-05-20T16:10:01 BDT" time="20.763" errors="0">
  <testcase name="InsertChallaAcknoldgement" time="20.763" classname="Packaging_Delivery.ChallahAcknowldgement"/>
</testsuite> <!-- Packaging_Delivery.ChallahAcknowldgement -->
