<?xml version="1.0" encoding="UTF-8"?>
<!-- Generated by org.testng.reporters.JUnitReportReporter -->
<testsuite skipped="2" hostname="PC025" name="Order_Managenent.OrderVarification" tests="11" failures="0" timestamp="2020-07-19T16:29:58 BDT" time="43.716" errors="0">
  <testcase name="VerifyOrder" time="5.332" classname="Order_Managenent.OrderVarification"/>
  <testcase name="VerifyOrder" time="4.053" classname="Order_Managenent.OrderVarification"/>
  <testcase name="VerifyOrder" time="4.542" classname="Order_Managenent.OrderVarification"/>
  <testcase name="VerifyOrder" time="6.237" classname="Order_Managenent.OrderVarification"/>
  <testcase name="VerifyOrder" time="4.171" classname="Order_Managenent.OrderVarification"/>
  <testcase name="VerifyOrder" time="5.136" classname="Order_Managenent.OrderVarification"/>
  <testcase name="VerifyOrder" time="4.577" classname="Order_Managenent.OrderVarification"/>
  <testcase name="VerifyOrder" time="4.954" classname="Order_Managenent.OrderVarification"/>
  <testcase name="VerifyOrder" time="4.714" classname="Order_Managenent.OrderVarification"/>
  <testcase name="Varification_DeleteOrderItem" classname="Order_Managenent.OrderVarification">
    <skipped/>
  </testcase> <!-- Varification_DeleteOrderItem -->
  <testcase name="Varification_AddOrderItem" classname="Order_Managenent.OrderVarification">
    <skipped/>
  </testcase> <!-- Varification_AddOrderItem -->
</testsuite> <!-- Order_Managenent.OrderVarification -->
