<?xml version="1.0" encoding="UTF-8"?>
<!-- Generated by org.testng.reporters.JUnitReportReporter -->
<testsuite skipped="9" hostname="PC025" name="Order_Managenent.OrderCreate" tests="13" failures="0" timestamp="2020-08-04T15:30:39 BDT" time="85.095" errors="0">
  <testcase name="CareateOrder_MainLabel" time="20.739" classname="Order_Managenent.OrderCreate"/>
  <testcase name="CareateOrder_MainLabel" time="20.798" classname="Order_Managenent.OrderCreate"/>
  <testcase name="CareateOrder_MainLabel" time="20.444" classname="Order_Managenent.OrderCreate"/>
  <testcase name="CareateOrder_MainLabel" time="23.114" classname="Order_Managenent.OrderCreate"/>
  <testcase name="CareateOrder_SizeLabel" classname="Order_Managenent.OrderCreate">
    <skipped/>
  </testcase> <!-- CareateOrder_SizeLabel -->
  <testcase name="CareateOrder_CareLabel" classname="Order_Managenent.OrderCreate">
    <skipped/>
  </testcase> <!-- CareateOrder_CareLabel -->
  <testcase name="CareateOrder_CareandSizeWiseMultiParts" classname="Order_Managenent.OrderCreate">
    <skipped/>
  </testcase> <!-- CareateOrder_CareandSizeWiseMultiParts -->
  <testcase name="CareateOrder_CareWiseMultiParts" classname="Order_Managenent.OrderCreate">
    <skipped/>
  </testcase> <!-- CareateOrder_CareWiseMultiParts -->
  <testcase name="CareateOrder_MultipleItem" classname="Order_Managenent.OrderCreate">
    <skipped/>
  </testcase> <!-- CareateOrder_MultipleItem -->
  <testcase name="CareateOrder_CareIgnoreSize" classname="Order_Managenent.OrderCreate">
    <skipped/>
  </testcase> <!-- CareateOrder_CareIgnoreSize -->
  <testcase name="CareateOrder_Composite" classname="Order_Managenent.OrderCreate">
    <skipped/>
  </testcase> <!-- CareateOrder_Composite -->
  <testcase name="CareateOrder_CareAndSizeLabel" classname="Order_Managenent.OrderCreate">
    <skipped/>
  </testcase> <!-- CareateOrder_CareAndSizeLabel -->
  <testcase name="CareateOrder_TagWithVariable" classname="Order_Managenent.OrderCreate">
    <skipped/>
  </testcase> <!-- CareateOrder_TagWithVariable -->
</testsuite> <!-- Order_Managenent.OrderCreate -->
