<?xml version="1.0" encoding="UTF-8"?>
<!-- Generated by org.testng.reporters.JUnitReportReporter -->
<testsuite skipped="1" hostname="PC025" name="Inventory.PurchaseRequisitionTestCase" tests="3" failures="0" timestamp="2020-06-18T15:55:07 BDT" time="23.744" errors="0">
  <testcase name="PurchaseRequisitionBIC" time="12.121" classname="Inventory.PurchaseRequisitionTestCase"/>
  <testcase name="PurchaseRequisitionBIC" time="11.623" classname="Inventory.PurchaseRequisitionTestCase"/>
  <testcase name="PurchaseRequisitionNIC" classname="Inventory.PurchaseRequisitionTestCase">
    <skipped/>
  </testcase> <!-- PurchaseRequisitionNIC -->
</testsuite> <!-- Inventory.PurchaseRequisitionTestCase -->
