<?xml version="1.0" encoding="UTF-8"?>
<!-- Generated by org.testng.reporters.JUnitReportReporter -->
<testsuite skipped="1" hostname="PC025" name="Production_Management.ProductionPlanEntryTestCase" tests="8" failures="0" timestamp="2020-07-19T17:06:23 BDT" time="90.679" errors="0">
  <testcase name="productionPlanWithCollapse" time="12.465" classname="Production_Management.ProductionPlanEntryTestCase"/>
  <testcase name="productionPlanWithCollapse" time="12.836" classname="Production_Management.ProductionPlanEntryTestCase"/>
  <testcase name="productionPlanWithCollapse" time="14.720" classname="Production_Management.ProductionPlanEntryTestCase"/>
  <testcase name="productionPlanWithCollapse" time="12.863" classname="Production_Management.ProductionPlanEntryTestCase"/>
  <testcase name="productionPlanWithCollapse" time="12.674" classname="Production_Management.ProductionPlanEntryTestCase"/>
  <testcase name="productionPlanWithCollapse" time="12.436" classname="Production_Management.ProductionPlanEntryTestCase"/>
  <testcase name="productionPlanWithCollapse" time="12.685" classname="Production_Management.ProductionPlanEntryTestCase"/>
  <testcase name="productionPlanWithExpand" classname="Production_Management.ProductionPlanEntryTestCase">
    <skipped/>
  </testcase> <!-- productionPlanWithExpand -->
</testsuite> <!-- Production_Management.ProductionPlanEntryTestCase -->
